<?xml version="1.0" encoding="UTF-8"?>
<!-- Generated by org.testng.reporters.JUnitReportReporter -->
<testsuite hostname="VSP-3DQD6Q3" failures="0" tests="2" name="com.automationframewrkpack1.vam.Scenario1" time="13.604" errors="0" timestamp="2023-02-27T16:11:29 IST" skipped="0">
  <testcase classname="com.automationframewrkpack1.vam.Scenario1" name="launchBrowser" time="5.739"/>
  <system-out/>
  <testcase classname="com.automationframewrkpack1.vam.Scenario1" name="launchApplication" time="7.865"/>
  <system-out/>
</testsuite> <!-- com.automationframewrkpack1.vam.Scenario1 -->
